<?xml version="1.0" encoding="UTF-8"?>
<testng-results ignored="0" total="2" passed="2" failed="0" skipped="0">
  <reporter-output>
  </reporter-output>
  <suite started-at="2024-07-09T22:43:54 IST" name="Suite" finished-at="2024-07-09T22:44:10 IST" duration-ms="15996">
    <groups>
    </groups>
    <test started-at="2024-07-09T22:43:54 IST" name="Test" finished-at="2024-07-09T22:44:10 IST" duration-ms="15996">
      <class name="herokuapplogin.login">
        <test-method signature="test1()[pri:0, instance:herokuapplogin.login@7db12bb6]" started-at="2024-07-09T22:43:54 IST" name="test1" finished-at="2024-07-09T22:44:07 IST" duration-ms="13455" status="PASS">
          <reporter-output>
          </reporter-output>
        </test-method> <!-- test1 -->
        <test-method signature="test2()[pri:0, instance:herokuapplogin.login@7db12bb6]" started-at="2024-07-09T22:43:54 IST" name="test2" finished-at="2024-07-09T22:44:10 IST" duration-ms="15930" status="PASS">
          <reporter-output>
          </reporter-output>
        </test-method> <!-- test2 -->
      </class> <!-- herokuapplogin.login -->
    </test> <!-- Test -->
  </suite> <!-- Suite -->
</testng-results>
